{"C:\\Users\\LENOVO 1\\Documents\\SIPERA\\backend\\app.js": {"path":"C:\\Users\\LENOVO 1\\Documents\\SIPERA\\backend\\app.js","statementMap":{"0":{"start":{"line":1,"column":16},"end":{"line":1,"column":34}},"1":{"start":{"line":2,"column":13},"end":{"line":2,"column":28}},"2":{"start":{"line":3,"column":13},"end":{"line":3,"column":28}},"3":{"start":{"line":4,"column":15},"end":{"line":4,"column":32}},"4":{"start":{"line":5,"column":18},"end":{"line":5,"column":47}},"5":{"start":{"line":8,"column":0},"end":{"line":8,"column":27}},"6":{"start":{"line":9,"column":0},"end":{"line":9,"column":25}},"7":{"start":{"line":10,"column":0},"end":{"line":10,"column":25}},"8":{"start":{"line":11,"column":0},"end":{"line":11,"column":28}},"9":{"start":{"line":13,"column":21},"end":{"line":13,"column":53}},"10":{"start":{"line":14,"column":19},"end":{"line":14,"column":49}},"11":{"start":{"line":15,"column":20},"end":{"line":15,"column":51}},"12":{"start":{"line":16,"column":19},"end":{"line":16,"column":49}},"13":{"start":{"line":17,"column":22},"end":{"line":17,"column":55}},"14":{"start":{"line":18,"column":22},"end":{"line":18,"column":55}},"15":{"start":{"line":20,"column":12},"end":{"line":20,"column":21}},"16":{"start":{"line":21,"column":0},"end":{"line":25,"column":2}},"17":{"start":{"line":27,"column":16},"end":{"line":33,"column":2}},"18":{"start":{"line":37,"column":0},"end":{"line":37,"column":16}},"19":{"start":{"line":38,"column":0},"end":{"line":38,"column":24}},"20":{"start":{"line":41,"column":0},"end":{"line":41,"column":69}},"21":{"start":{"line":43,"column":0},"end":{"line":43,"column":37}},"22":{"start":{"line":44,"column":0},"end":{"line":44,"column":33}},"23":{"start":{"line":45,"column":0},"end":{"line":45,"column":35}},"24":{"start":{"line":46,"column":0},"end":{"line":46,"column":33}},"25":{"start":{"line":47,"column":0},"end":{"line":47,"column":39}},"26":{"start":{"line":48,"column":0},"end":{"line":48,"column":39}},"27":{"start":{"line":50,"column":0},"end":{"line":50,"column":21}}},"fnMap":{},"branchMap":{},"s":{"0":5,"1":5,"2":5,"3":5,"4":5,"5":5,"6":5,"7":5,"8":5,"9":5,"10":5,"11":5,"12":5,"13":5,"14":5,"15":5,"16":5,"17":5,"18":5,"19":5,"20":5,"21":5,"22":5,"23":5,"24":5,"25":5,"26":5,"27":5},"f":{},"b":{},"_coverageSchema":"1a1c01bbd47fc00a2c39e90264f33305004495a9","hash":"3cfe49cfd27e50c9244789933b24f5d1ca0fa2ed"}
,"C:\\Users\\LENOVO 1\\Documents\\SIPERA\\backend\\config\\database.js": {"path":"C:\\Users\\LENOVO 1\\Documents\\SIPERA\\backend\\config\\database.js","statementMap":{"0":{"start":{"line":1,"column":0},"end":{"line":1,"column":27}},"1":{"start":{"line":3,"column":22},"end":{"line":3,"column":42}},"2":{"start":{"line":5,"column":11},"end":{"line":15,"column":1}},"3":{"start":{"line":17,"column":0},"end":{"line":17,"column":20}}},"fnMap":{},"branchMap":{"0":{"loc":{"start":{"line":11,"column":13},"end":{"line":11,"column":46}},"type":"binary-expr","locations":[{"start":{"line":11,"column":13},"end":{"line":11,"column":35}},{"start":{"line":11,"column":39},"end":{"line":11,"column":46}}],"line":11},"1":{"loc":{"start":{"line":12,"column":10},"end":{"line":12,"column":37}},"type":"binary-expr","locations":[{"start":{"line":12,"column":10},"end":{"line":12,"column":29}},{"start":{"line":12,"column":33},"end":{"line":12,"column":37}}],"line":12}},"s":{"0":6,"1":6,"2":6,"3":6},"f":{},"b":{"0":[6,0],"1":[6,0]},"_coverageSchema":"1a1c01bbd47fc00a2c39e90264f33305004495a9","hash":"f558a81b939363bb3b62afb48de68505de23545c"}
,"C:\\Users\\LENOVO 1\\Documents\\SIPERA\\backend\\controllers\\adminController.js": {"path":"C:\\Users\\LENOVO 1\\Documents\\SIPERA\\backend\\controllers\\adminController.js","statementMap":{"0":{"start":{"line":1,"column":13},"end":{"line":1,"column":38}},"1":{"start":{"line":2,"column":15},"end":{"line":2,"column":42}},"2":{"start":{"line":6,"column":20},"end":{"line":30,"column":1}},"3":{"start":{"line":7,"column":2},"end":{"line":29,"column":3}},"4":{"start":{"line":8,"column":18},"end":{"line":21,"column":6}},"5":{"start":{"line":23,"column":4},"end":{"line":23,"column":32}},"6":{"start":{"line":25,"column":4},"end":{"line":28,"column":7}},"7":{"start":{"line":33,"column":21},"end":{"line":46,"column":1}},"8":{"start":{"line":34,"column":2},"end":{"line":45,"column":3}},"9":{"start":{"line":35,"column":19},"end":{"line":37,"column":6}},"10":{"start":{"line":39,"column":4},"end":{"line":39,"column":33}},"11":{"start":{"line":41,"column":4},"end":{"line":44,"column":7}},"12":{"start":{"line":49,"column":25},"end":{"line":81,"column":1}},"13":{"start":{"line":50,"column":2},"end":{"line":80,"column":3}},"14":{"start":{"line":51,"column":19},"end":{"line":51,"column":29}},"15":{"start":{"line":52,"column":23},"end":{"line":52,"column":31}},"16":{"start":{"line":54,"column":4},"end":{"line":58,"column":5}},"17":{"start":{"line":55,"column":6},"end":{"line":57,"column":9}},"18":{"start":{"line":60,"column":17},"end":{"line":60,"column":40}},"19":{"start":{"line":62,"column":4},"end":{"line":66,"column":5}},"20":{"start":{"line":63,"column":6},"end":{"line":65,"column":9}},"21":{"start":{"line":68,"column":4},"end":{"line":68,"column":25}},"22":{"start":{"line":69,"column":4},"end":{"line":69,"column":22}},"23":{"start":{"line":71,"column":4},"end":{"line":74,"column":7}},"24":{"start":{"line":76,"column":4},"end":{"line":79,"column":7}},"25":{"start":{"line":84,"column":19},"end":{"line":114,"column":1}},"26":{"start":{"line":85,"column":2},"end":{"line":113,"column":3}},"27":{"start":{"line":86,"column":19},"end":{"line":86,"column":29}},"28":{"start":{"line":88,"column":17},"end":{"line":88,"column":40}},"29":{"start":{"line":90,"column":4},"end":{"line":94,"column":5}},"30":{"start":{"line":91,"column":6},"end":{"line":93,"column":9}},"31":{"start":{"line":97,"column":4},"end":{"line":101,"column":5}},"32":{"start":{"line":98,"column":6},"end":{"line":100,"column":9}},"33":{"start":{"line":103,"column":4},"end":{"line":103,"column":25}},"34":{"start":{"line":105,"column":4},"end":{"line":107,"column":7}},"35":{"start":{"line":109,"column":4},"end":{"line":112,"column":7}},"36":{"start":{"line":116,"column":0},"end":{"line":121,"column":2}}},"fnMap":{"0":{"name":"(anonymous_0)","decl":{"start":{"line":6,"column":20},"end":{"line":6,"column":21}},"loc":{"start":{"line":6,"column":40},"end":{"line":30,"column":1}},"line":6},"1":{"name":"(anonymous_1)","decl":{"start":{"line":33,"column":21},"end":{"line":33,"column":22}},"loc":{"start":{"line":33,"column":41},"end":{"line":46,"column":1}},"line":33},"2":{"name":"(anonymous_2)","decl":{"start":{"line":49,"column":25},"end":{"line":49,"column":26}},"loc":{"start":{"line":49,"column":45},"end":{"line":81,"column":1}},"line":49},"3":{"name":"(anonymous_3)","decl":{"start":{"line":84,"column":19},"end":{"line":84,"column":20}},"loc":{"start":{"line":84,"column":39},"end":{"line":114,"column":1}},"line":84}},"branchMap":{"0":{"loc":{"start":{"line":54,"column":4},"end":{"line":58,"column":5}},"type":"if","locations":[{"start":{"line":54,"column":4},"end":{"line":58,"column":5}},{"start":{},"end":{}}],"line":54},"1":{"loc":{"start":{"line":62,"column":4},"end":{"line":66,"column":5}},"type":"if","locations":[{"start":{"line":62,"column":4},"end":{"line":66,"column":5}},{"start":{},"end":{}}],"line":62},"2":{"loc":{"start":{"line":90,"column":4},"end":{"line":94,"column":5}},"type":"if","locations":[{"start":{"line":90,"column":4},"end":{"line":94,"column":5}},{"start":{},"end":{}}],"line":90},"3":{"loc":{"start":{"line":97,"column":4},"end":{"line":101,"column":5}},"type":"if","locations":[{"start":{"line":97,"column":4},"end":{"line":101,"column":5}},{"start":{},"end":{}}],"line":97}},"s":{"0":5,"1":5,"2":5,"3":0,"4":0,"5":0,"6":0,"7":5,"8":0,"9":0,"10":0,"11":0,"12":5,"13":0,"14":0,"15":0,"16":0,"17":0,"18":0,"19":0,"20":0,"21":0,"22":0,"23":0,"24":0,"25":5,"26":0,"27":0,"28":0,"29":0,"30":0,"31":0,"32":0,"33":0,"34":0,"35":0,"36":5},"f":{"0":0,"1":0,"2":0,"3":0},"b":{"0":[0,0],"1":[0,0],"2":[0,0],"3":[0,0]},"_coverageSchema":"1a1c01bbd47fc00a2c39e90264f33305004495a9","hash":"1a67aae0f4b82ac3c10f9c8fa3d9bd9ebe9d23c2"}
,"C:\\Users\\LENOVO 1\\Documents\\SIPERA\\backend\\controllers\\authController.js": {"path":"C:\\Users\\LENOVO 1\\Documents\\SIPERA\\backend\\controllers\\authController.js","statementMap":{"0":{"start":{"line":1,"column":15},"end":{"line":1,"column":34}},"1":{"start":{"line":2,"column":12},"end":{"line":2,"column":35}},"2":{"start":{"line":3,"column":13},"end":{"line":3,"column":38}},"3":{"start":{"line":5,"column":20},"end":{"line":18,"column":1}},"4":{"start":{"line":6,"column":2},"end":{"line":17,"column":4}},"5":{"start":{"line":20,"column":0},"end":{"line":68,"column":2}},"6":{"start":{"line":21,"column":2},"end":{"line":67,"column":3}},"7":{"start":{"line":32,"column":8},"end":{"line":32,"column":16}},"8":{"start":{"line":34,"column":25},"end":{"line":36,"column":6}},"9":{"start":{"line":38,"column":4},"end":{"line":42,"column":5}},"10":{"start":{"line":39,"column":6},"end":{"line":41,"column":9}},"11":{"start":{"line":44,"column":27},"end":{"line":44,"column":58}},"12":{"start":{"line":46,"column":17},"end":{"line":56,"column":6}},"13":{"start":{"line":58,"column":4},"end":{"line":61,"column":7}},"14":{"start":{"line":63,"column":4},"end":{"line":66,"column":7}},"15":{"start":{"line":70,"column":0},"end":{"line":121,"column":2}},"16":{"start":{"line":71,"column":2},"end":{"line":120,"column":3}},"17":{"start":{"line":72,"column":32},"end":{"line":72,"column":40}},"18":{"start":{"line":74,"column":17},"end":{"line":76,"column":6}},"19":{"start":{"line":78,"column":4},"end":{"line":82,"column":5}},"20":{"start":{"line":79,"column":6},"end":{"line":81,"column":9}},"21":{"start":{"line":84,"column":26},"end":{"line":84,"column":71}},"22":{"start":{"line":86,"column":4},"end":{"line":90,"column":5}},"23":{"start":{"line":87,"column":6},"end":{"line":89,"column":9}},"24":{"start":{"line":92,"column":4},"end":{"line":96,"column":5}},"25":{"start":{"line":93,"column":6},"end":{"line":95,"column":9}},"26":{"start":{"line":98,"column":18},"end":{"line":108,"column":5}},"27":{"start":{"line":110,"column":4},"end":{"line":114,"column":7}},"28":{"start":{"line":116,"column":4},"end":{"line":119,"column":7}},"29":{"start":{"line":124,"column":0},"end":{"line":144,"column":2}},"30":{"start":{"line":125,"column":2},"end":{"line":143,"column":3}},"31":{"start":{"line":126,"column":17},"end":{"line":126,"column":49}},"32":{"start":{"line":128,"column":4},"end":{"line":132,"column":5}},"33":{"start":{"line":129,"column":6},"end":{"line":131,"column":9}},"34":{"start":{"line":134,"column":4},"end":{"line":137,"column":7}},"35":{"start":{"line":139,"column":4},"end":{"line":142,"column":7}},"36":{"start":{"line":147,"column":0},"end":{"line":186,"column":2}},"37":{"start":{"line":148,"column":2},"end":{"line":185,"column":3}},"38":{"start":{"line":149,"column":17},"end":{"line":149,"column":49}},"39":{"start":{"line":151,"column":4},"end":{"line":155,"column":5}},"40":{"start":{"line":152,"column":6},"end":{"line":154,"column":9}},"41":{"start":{"line":164,"column":8},"end":{"line":164,"column":16}},"42":{"start":{"line":166,"column":4},"end":{"line":174,"column":7}},"43":{"start":{"line":176,"column":4},"end":{"line":179,"column":7}},"44":{"start":{"line":181,"column":4},"end":{"line":184,"column":7}}},"fnMap":{"0":{"name":"(anonymous_0)","decl":{"start":{"line":5,"column":20},"end":{"line":5,"column":21}},"loc":{"start":{"line":5,"column":30},"end":{"line":18,"column":1}},"line":5},"1":{"name":"(anonymous_1)","decl":{"start":{"line":20,"column":19},"end":{"line":20,"column":20}},"loc":{"start":{"line":20,"column":39},"end":{"line":68,"column":1}},"line":20},"2":{"name":"(anonymous_2)","decl":{"start":{"line":70,"column":16},"end":{"line":70,"column":17}},"loc":{"start":{"line":70,"column":36},"end":{"line":121,"column":1}},"line":70},"3":{"name":"(anonymous_3)","decl":{"start":{"line":124,"column":21},"end":{"line":124,"column":22}},"loc":{"start":{"line":124,"column":41},"end":{"line":144,"column":1}},"line":124},"4":{"name":"(anonymous_4)","decl":{"start":{"line":147,"column":24},"end":{"line":147,"column":25}},"loc":{"start":{"line":147,"column":44},"end":{"line":186,"column":1}},"line":147}},"branchMap":{"0":{"loc":{"start":{"line":38,"column":4},"end":{"line":42,"column":5}},"type":"if","locations":[{"start":{"line":38,"column":4},"end":{"line":42,"column":5}},{"start":{},"end":{}}],"line":38},"1":{"loc":{"start":{"line":78,"column":4},"end":{"line":82,"column":5}},"type":"if","locations":[{"start":{"line":78,"column":4},"end":{"line":82,"column":5}},{"start":{},"end":{}}],"line":78},"2":{"loc":{"start":{"line":86,"column":4},"end":{"line":90,"column":5}},"type":"if","locations":[{"start":{"line":86,"column":4},"end":{"line":90,"column":5}},{"start":{},"end":{}}],"line":86},"3":{"loc":{"start":{"line":92,"column":4},"end":{"line":96,"column":5}},"type":"if","locations":[{"start":{"line":92,"column":4},"end":{"line":96,"column":5}},{"start":{},"end":{}}],"line":92},"4":{"loc":{"start":{"line":128,"column":4},"end":{"line":132,"column":5}},"type":"if","locations":[{"start":{"line":128,"column":4},"end":{"line":132,"column":5}},{"start":{},"end":{}}],"line":128},"5":{"loc":{"start":{"line":151,"column":4},"end":{"line":155,"column":5}},"type":"if","locations":[{"start":{"line":151,"column":4},"end":{"line":155,"column":5}},{"start":{},"end":{}}],"line":151},"6":{"loc":{"start":{"line":167,"column":12},"end":{"line":167,"column":29}},"type":"binary-expr","locations":[{"start":{"line":167,"column":12},"end":{"line":167,"column":16}},{"start":{"line":167,"column":20},"end":{"line":167,"column":29}}],"line":167},"7":{"loc":{"start":{"line":168,"column":17},"end":{"line":168,"column":44}},"type":"binary-expr","locations":[{"start":{"line":168,"column":17},"end":{"line":168,"column":26}},{"start":{"line":168,"column":30},"end":{"line":168,"column":44}}],"line":168},"8":{"loc":{"start":{"line":169,"column":14},"end":{"line":169,"column":35}},"type":"binary-expr","locations":[{"start":{"line":169,"column":14},"end":{"line":169,"column":20}},{"start":{"line":169,"column":24},"end":{"line":169,"column":35}}],"line":169},"9":{"loc":{"start":{"line":170,"column":16},"end":{"line":170,"column":41}},"type":"binary-expr","locations":[{"start":{"line":170,"column":16},"end":{"line":170,"column":24}},{"start":{"line":170,"column":28},"end":{"line":170,"column":41}}],"line":170},"10":{"loc":{"start":{"line":171,"column":21},"end":{"line":171,"column":56}},"type":"binary-expr","locations":[{"start":{"line":171,"column":21},"end":{"line":171,"column":34}},{"start":{"line":171,"column":38},"end":{"line":171,"column":56}}],"line":171},"11":{"loc":{"start":{"line":173,"column":8},"end":{"line":173,"column":55}},"type":"binary-expr","locations":[{"start":{"line":173,"column":8},"end":{"line":173,"column":27}},{"start":{"line":173,"column":31},"end":{"line":173,"column":55}}],"line":173}},"s":{"0":5,"1":5,"2":5,"3":5,"4":14,"5":5,"6":7,"7":7,"8":7,"9":7,"10":1,"11":6,"12":6,"13":6,"14":0,"15":5,"16":8,"17":8,"18":8,"19":8,"20":1,"21":7,"22":7,"23":1,"24":6,"25":0,"26":6,"27":6,"28":0,"29":5,"30":1,"31":1,"32":1,"33":0,"34":1,"35":0,"36":5,"37":1,"38":1,"39":1,"40":0,"41":1,"42":1,"43":1,"44":0},"f":{"0":14,"1":7,"2":8,"3":1,"4":1},"b":{"0":[1,6],"1":[1,7],"2":[1,6],"3":[0,6],"4":[0,1],"5":[0,1],"6":[1,0],"7":[1,0],"8":[1,0],"9":[1,1],"10":[1,1],"11":[1,1]},"_coverageSchema":"1a1c01bbd47fc00a2c39e90264f33305004495a9","hash":"84710a5c395c526606a0f2f4871ccb319f9bbc0f"}
,"C:\\Users\\LENOVO 1\\Documents\\SIPERA\\backend\\controllers\\chatController.js": {"path":"C:\\Users\\LENOVO 1\\Documents\\SIPERA\\backend\\controllers\\chatController.js","statementMap":{"0":{"start":{"line":1,"column":15},"end":{"line":1,"column":35}},"1":{"start":{"line":2,"column":13},"end":{"line":2,"column":38}},"2":{"start":{"line":3,"column":13},"end":{"line":3,"column":38}},"3":{"start":{"line":6,"column":0},"end":{"line":65,"column":2}},"4":{"start":{"line":7,"column":2},"end":{"line":64,"column":3}},"5":{"start":{"line":8,"column":19},"end":{"line":8,"column":30}},"6":{"start":{"line":10,"column":18},"end":{"line":15,"column":6}},"7":{"start":{"line":17,"column":23},"end":{"line":17,"column":32}},"8":{"start":{"line":19,"column":4},"end":{"line":28,"column":7}},"9":{"start":{"line":21,"column":8},"end":{"line":23,"column":33}},"10":{"start":{"line":25,"column":6},"end":{"line":27,"column":7}},"11":{"start":{"line":26,"column":8},"end":{"line":26,"column":40}},"12":{"start":{"line":30,"column":23},"end":{"line":30,"column":52}},"13":{"start":{"line":32,"column":4},"end":{"line":34,"column":5}},"14":{"start":{"line":33,"column":6},"end":{"line":33,"column":38}},"15":{"start":{"line":36,"column":18},"end":{"line":41,"column":6}},"16":{"start":{"line":43,"column":26},"end":{"line":54,"column":6}},"17":{"start":{"line":44,"column":23},"end":{"line":44,"column":54}},"18":{"start":{"line":46,"column":6},"end":{"line":53,"column":8}},"19":{"start":{"line":56,"column":4},"end":{"line":56,"column":78}},"20":{"start":{"line":56,"column":33},"end":{"line":56,"column":76}},"21":{"start":{"line":58,"column":4},"end":{"line":58,"column":40}},"22":{"start":{"line":60,"column":4},"end":{"line":63,"column":7}},"23":{"start":{"line":68,"column":0},"end":{"line":97,"column":2}},"24":{"start":{"line":69,"column":2},"end":{"line":96,"column":3}},"25":{"start":{"line":70,"column":21},"end":{"line":70,"column":30}},"26":{"start":{"line":72,"column":4},"end":{"line":76,"column":5}},"27":{"start":{"line":73,"column":6},"end":{"line":75,"column":9}},"28":{"start":{"line":78,"column":20},"end":{"line":88,"column":6}},"29":{"start":{"line":90,"column":4},"end":{"line":90,"column":34}},"30":{"start":{"line":92,"column":4},"end":{"line":95,"column":7}},"31":{"start":{"line":100,"column":0},"end":{"line":128,"column":2}},"32":{"start":{"line":101,"column":2},"end":{"line":127,"column":3}},"33":{"start":{"line":102,"column":19},"end":{"line":102,"column":30}},"34":{"start":{"line":103,"column":26},"end":{"line":103,"column":36}},"35":{"start":{"line":105,"column":21},"end":{"line":119,"column":6}},"36":{"start":{"line":121,"column":4},"end":{"line":121,"column":35}},"37":{"start":{"line":123,"column":4},"end":{"line":126,"column":7}},"38":{"start":{"line":131,"column":0},"end":{"line":166,"column":2}},"39":{"start":{"line":132,"column":2},"end":{"line":165,"column":3}},"40":{"start":{"line":133,"column":21},"end":{"line":133,"column":32}},"41":{"start":{"line":134,"column":36},"end":{"line":134,"column":44}},"42":{"start":{"line":136,"column":4},"end":{"line":140,"column":5}},"43":{"start":{"line":137,"column":6},"end":{"line":139,"column":9}},"44":{"start":{"line":142,"column":21},"end":{"line":142,"column":52}},"45":{"start":{"line":144,"column":4},"end":{"line":148,"column":5}},"46":{"start":{"line":145,"column":6},"end":{"line":147,"column":9}},"47":{"start":{"line":150,"column":17},"end":{"line":154,"column":6}},"48":{"start":{"line":156,"column":4},"end":{"line":159,"column":7}},"49":{"start":{"line":161,"column":4},"end":{"line":164,"column":7}}},"fnMap":{"0":{"name":"(anonymous_0)","decl":{"start":{"line":6,"column":27},"end":{"line":6,"column":28}},"loc":{"start":{"line":6,"column":47},"end":{"line":65,"column":1}},"line":6},"1":{"name":"(anonymous_1)","decl":{"start":{"line":19,"column":18},"end":{"line":19,"column":19}},"loc":{"start":{"line":19,"column":28},"end":{"line":28,"column":5}},"line":19},"2":{"name":"(anonymous_2)","decl":{"start":{"line":43,"column":36},"end":{"line":43,"column":37}},"loc":{"start":{"line":43,"column":46},"end":{"line":54,"column":5}},"line":43},"3":{"name":"(anonymous_3)","decl":{"start":{"line":56,"column":23},"end":{"line":56,"column":24}},"loc":{"start":{"line":56,"column":33},"end":{"line":56,"column":76}},"line":56},"4":{"name":"(anonymous_4)","decl":{"start":{"line":68,"column":24},"end":{"line":68,"column":25}},"loc":{"start":{"line":68,"column":44},"end":{"line":97,"column":1}},"line":68},"5":{"name":"(anonymous_5)","decl":{"start":{"line":100,"column":22},"end":{"line":100,"column":23}},"loc":{"start":{"line":100,"column":42},"end":{"line":128,"column":1}},"line":100},"6":{"name":"(anonymous_6)","decl":{"start":{"line":131,"column":22},"end":{"line":131,"column":23}},"loc":{"start":{"line":131,"column":42},"end":{"line":166,"column":1}},"line":131}},"branchMap":{"0":{"loc":{"start":{"line":21,"column":8},"end":{"line":23,"column":33}},"type":"cond-expr","locations":[{"start":{"line":22,"column":12},"end":{"line":22,"column":35}},{"start":{"line":23,"column":12},"end":{"line":23,"column":33}}],"line":21},"1":{"loc":{"start":{"line":25,"column":6},"end":{"line":27,"column":7}},"type":"if","locations":[{"start":{"line":25,"column":6},"end":{"line":27,"column":7}},{"start":{},"end":{}}],"line":25},"2":{"loc":{"start":{"line":32,"column":4},"end":{"line":34,"column":5}},"type":"if","locations":[{"start":{"line":32,"column":4},"end":{"line":34,"column":5}},{"start":{},"end":{}}],"line":32},"3":{"loc":{"start":{"line":51,"column":21},"end":{"line":51,"column":44}},"type":"binary-expr","locations":[{"start":{"line":51,"column":21},"end":{"line":51,"column":38}},{"start":{"line":51,"column":42},"end":{"line":51,"column":44}}],"line":51},"4":{"loc":{"start":{"line":52,"column":18},"end":{"line":52,"column":45}},"type":"binary-expr","locations":[{"start":{"line":52,"column":18},"end":{"line":52,"column":37}},{"start":{"line":52,"column":41},"end":{"line":52,"column":45}}],"line":52},"5":{"loc":{"start":{"line":72,"column":4},"end":{"line":76,"column":5}},"type":"if","locations":[{"start":{"line":72,"column":4},"end":{"line":76,"column":5}},{"start":{},"end":{}}],"line":72},"6":{"loc":{"start":{"line":72,"column":8},"end":{"line":72,"column":29}},"type":"binary-expr","locations":[{"start":{"line":72,"column":8},"end":{"line":72,"column":13}},{"start":{"line":72,"column":17},"end":{"line":72,"column":29}}],"line":72},"7":{"loc":{"start":{"line":136,"column":4},"end":{"line":140,"column":5}},"type":"if","locations":[{"start":{"line":136,"column":4},"end":{"line":140,"column":5}},{"start":{},"end":{}}],"line":136},"8":{"loc":{"start":{"line":136,"column":8},"end":{"line":136,"column":50}},"type":"binary-expr","locations":[{"start":{"line":136,"column":8},"end":{"line":136,"column":19}},{"start":{"line":136,"column":23},"end":{"line":136,"column":31}},{"start":{"line":136,"column":35},"end":{"line":136,"column":50}}],"line":136},"9":{"loc":{"start":{"line":144,"column":4},"end":{"line":148,"column":5}},"type":"if","locations":[{"start":{"line":144,"column":4},"end":{"line":148,"column":5}},{"start":{},"end":{}}],"line":144}},"s":{"0":5,"1":5,"2":5,"3":5,"4":1,"5":1,"6":1,"7":1,"8":1,"9":1,"10":1,"11":1,"12":1,"13":1,"14":0,"15":1,"16":1,"17":1,"18":1,"19":1,"20":0,"21":1,"22":0,"23":5,"24":1,"25":1,"26":1,"27":0,"28":1,"29":1,"30":0,"31":5,"32":1,"33":1,"34":1,"35":1,"36":1,"37":0,"38":5,"39":1,"40":1,"41":1,"42":1,"43":0,"44":1,"45":1,"46":0,"47":1,"48":1,"49":0},"f":{"0":1,"1":1,"2":1,"3":0,"4":1,"5":1,"6":1},"b":{"0":[1,0],"1":[1,0],"2":[0,1],"3":[1,0],"4":[1,0],"5":[0,1],"6":[1,1],"7":[0,1],"8":[1,1,1],"9":[0,1]},"_coverageSchema":"1a1c01bbd47fc00a2c39e90264f33305004495a9","hash":"0942569981896f25c12e6bf6e3a5e2abcc77b4ca"}
,"C:\\Users\\LENOVO 1\\Documents\\SIPERA\\backend\\controllers\\laporanController.js": {"path":"C:\\Users\\LENOVO 1\\Documents\\SIPERA\\backend\\controllers\\laporanController.js","statementMap":{"0":{"start":{"line":1,"column":16},"end":{"line":1,"column":44}},"1":{"start":{"line":2,"column":13},"end":{"line":2,"column":38}},"2":{"start":{"line":5,"column":0},"end":{"line":22,"column":2}},"3":{"start":{"line":6,"column":2},"end":{"line":21,"column":3}},"4":{"start":{"line":7,"column":20},"end":{"line":12,"column":6}},"5":{"start":{"line":14,"column":4},"end":{"line":14,"column":34}},"6":{"start":{"line":16,"column":4},"end":{"line":16,"column":25}},"7":{"start":{"line":18,"column":4},"end":{"line":20,"column":7}},"8":{"start":{"line":25,"column":0},"end":{"line":46,"column":2}},"9":{"start":{"line":26,"column":2},"end":{"line":45,"column":3}},"10":{"start":{"line":27,"column":20},"end":{"line":35,"column":6}},"11":{"start":{"line":37,"column":4},"end":{"line":37,"column":34}},"12":{"start":{"line":39,"column":4},"end":{"line":39,"column":25}},"13":{"start":{"line":41,"column":4},"end":{"line":44,"column":7}},"14":{"start":{"line":49,"column":0},"end":{"line":69,"column":2}},"15":{"start":{"line":50,"column":2},"end":{"line":68,"column":3}},"16":{"start":{"line":51,"column":23},"end":{"line":51,"column":33}},"17":{"start":{"line":53,"column":20},"end":{"line":58,"column":6}},"18":{"start":{"line":60,"column":4},"end":{"line":60,"column":34}},"19":{"start":{"line":62,"column":4},"end":{"line":62,"column":25}},"20":{"start":{"line":64,"column":4},"end":{"line":67,"column":7}},"21":{"start":{"line":72,"column":0},"end":{"line":101,"column":2}},"22":{"start":{"line":73,"column":2},"end":{"line":100,"column":3}},"23":{"start":{"line":74,"column":19},"end":{"line":74,"column":29}},"24":{"start":{"line":75,"column":32},"end":{"line":75,"column":40}},"25":{"start":{"line":77,"column":20},"end":{"line":77,"column":46}},"26":{"start":{"line":79,"column":4},"end":{"line":83,"column":5}},"27":{"start":{"line":80,"column":6},"end":{"line":82,"column":9}},"28":{"start":{"line":85,"column":4},"end":{"line":85,"column":30}},"29":{"start":{"line":86,"column":4},"end":{"line":86,"column":41}},"30":{"start":{"line":88,"column":4},"end":{"line":88,"column":25}},"31":{"start":{"line":90,"column":4},"end":{"line":93,"column":7}},"32":{"start":{"line":95,"column":4},"end":{"line":95,"column":41}},"33":{"start":{"line":97,"column":4},"end":{"line":99,"column":7}}},"fnMap":{"0":{"name":"(anonymous_0)","decl":{"start":{"line":5,"column":24},"end":{"line":5,"column":25}},"loc":{"start":{"line":5,"column":44},"end":{"line":22,"column":1}},"line":5},"1":{"name":"(anonymous_1)","decl":{"start":{"line":25,"column":24},"end":{"line":25,"column":25}},"loc":{"start":{"line":25,"column":44},"end":{"line":46,"column":1}},"line":25},"2":{"name":"(anonymous_2)","decl":{"start":{"line":49,"column":25},"end":{"line":49,"column":26}},"loc":{"start":{"line":49,"column":45},"end":{"line":69,"column":1}},"line":49},"3":{"name":"(anonymous_3)","decl":{"start":{"line":72,"column":23},"end":{"line":72,"column":24}},"loc":{"start":{"line":72,"column":43},"end":{"line":101,"column":1}},"line":72}},"branchMap":{"0":{"loc":{"start":{"line":79,"column":4},"end":{"line":83,"column":5}},"type":"if","locations":[{"start":{"line":79,"column":4},"end":{"line":83,"column":5}},{"start":{},"end":{}}],"line":79},"1":{"loc":{"start":{"line":86,"column":21},"end":{"line":86,"column":40}},"type":"binary-expr","locations":[{"start":{"line":86,"column":21},"end":{"line":86,"column":27}},{"start":{"line":86,"column":31},"end":{"line":86,"column":40}}],"line":86}},"s":{"0":5,"1":5,"2":5,"3":1,"4":1,"5":1,"6":0,"7":0,"8":5,"9":1,"10":1,"11":1,"12":0,"13":0,"14":5,"15":1,"16":1,"17":1,"18":1,"19":0,"20":0,"21":5,"22":1,"23":1,"24":1,"25":1,"26":1,"27":1,"28":0,"29":0,"30":0,"31":0,"32":0,"33":0},"f":{"0":1,"1":1,"2":1,"3":1},"b":{"0":[1,0],"1":[0,0]},"_coverageSchema":"1a1c01bbd47fc00a2c39e90264f33305004495a9","hash":"c3abf2dfc5bfea2379414419d0cbfc0b53fc7d08"}
,"C:\\Users\\LENOVO 1\\Documents\\SIPERA\\backend\\controllers\\pesananController.js": {"path":"C:\\Users\\LENOVO 1\\Documents\\SIPERA\\backend\\controllers\\pesananController.js","statementMap":{"0":{"start":{"line":1,"column":16},"end":{"line":1,"column":44}},"1":{"start":{"line":2,"column":15},"end":{"line":2,"column":42}},"2":{"start":{"line":3,"column":13},"end":{"line":3,"column":38}},"3":{"start":{"line":6,"column":0},"end":{"line":22,"column":2}},"4":{"start":{"line":7,"column":2},"end":{"line":21,"column":3}},"5":{"start":{"line":8,"column":22},"end":{"line":8,"column":33}},"6":{"start":{"line":10,"column":20},"end":{"line":13,"column":6}},"7":{"start":{"line":15,"column":4},"end":{"line":15,"column":34}},"8":{"start":{"line":17,"column":4},"end":{"line":20,"column":7}},"9":{"start":{"line":25,"column":0},"end":{"line":41,"column":2}},"10":{"start":{"line":26,"column":2},"end":{"line":40,"column":3}},"11":{"start":{"line":27,"column":22},"end":{"line":27,"column":33}},"12":{"start":{"line":29,"column":20},"end":{"line":32,"column":6}},"13":{"start":{"line":34,"column":4},"end":{"line":34,"column":34}},"14":{"start":{"line":36,"column":4},"end":{"line":39,"column":7}},"15":{"start":{"line":44,"column":0},"end":{"line":94,"column":2}},"16":{"start":{"line":45,"column":2},"end":{"line":93,"column":3}},"17":{"start":{"line":46,"column":22},"end":{"line":46,"column":33}},"18":{"start":{"line":47,"column":33},"end":{"line":47,"column":41}},"19":{"start":{"line":49,"column":4},"end":{"line":53,"column":5}},"20":{"start":{"line":50,"column":6},"end":{"line":52,"column":9}},"21":{"start":{"line":55,"column":20},"end":{"line":55,"column":50}},"22":{"start":{"line":57,"column":19},"end":{"line":57,"column":50}},"23":{"start":{"line":59,"column":4},"end":{"line":63,"column":5}},"24":{"start":{"line":60,"column":6},"end":{"line":62,"column":9}},"25":{"start":{"line":65,"column":4},"end":{"line":69,"column":5}},"26":{"start":{"line":66,"column":6},"end":{"line":68,"column":9}},"27":{"start":{"line":71,"column":18},"end":{"line":71,"column":55}},"28":{"start":{"line":73,"column":20},"end":{"line":82,"column":6}},"29":{"start":{"line":84,"column":4},"end":{"line":87,"column":7}},"30":{"start":{"line":89,"column":4},"end":{"line":92,"column":7}},"31":{"start":{"line":97,"column":0},"end":{"line":135,"column":2}},"32":{"start":{"line":98,"column":2},"end":{"line":134,"column":3}},"33":{"start":{"line":99,"column":22},"end":{"line":99,"column":33}},"34":{"start":{"line":100,"column":19},"end":{"line":100,"column":29}},"35":{"start":{"line":101,"column":23},"end":{"line":101,"column":31}},"36":{"start":{"line":103,"column":4},"end":{"line":107,"column":5}},"37":{"start":{"line":104,"column":6},"end":{"line":106,"column":9}},"38":{"start":{"line":109,"column":20},"end":{"line":114,"column":6}},"39":{"start":{"line":116,"column":4},"end":{"line":120,"column":5}},"40":{"start":{"line":117,"column":6},"end":{"line":119,"column":9}},"41":{"start":{"line":122,"column":4},"end":{"line":122,"column":28}},"42":{"start":{"line":123,"column":4},"end":{"line":123,"column":25}},"43":{"start":{"line":125,"column":4},"end":{"line":128,"column":7}},"44":{"start":{"line":130,"column":4},"end":{"line":133,"column":7}}},"fnMap":{"0":{"name":"(anonymous_0)","decl":{"start":{"line":6,"column":28},"end":{"line":6,"column":29}},"loc":{"start":{"line":6,"column":48},"end":{"line":22,"column":1}},"line":6},"1":{"name":"(anonymous_1)","decl":{"start":{"line":25,"column":28},"end":{"line":25,"column":29}},"loc":{"start":{"line":25,"column":48},"end":{"line":41,"column":1}},"line":25},"2":{"name":"(anonymous_2)","decl":{"start":{"line":44,"column":24},"end":{"line":44,"column":25}},"loc":{"start":{"line":44,"column":44},"end":{"line":94,"column":1}},"line":44},"3":{"name":"(anonymous_3)","decl":{"start":{"line":97,"column":30},"end":{"line":97,"column":31}},"loc":{"start":{"line":97,"column":50},"end":{"line":135,"column":1}},"line":97}},"branchMap":{"0":{"loc":{"start":{"line":49,"column":4},"end":{"line":53,"column":5}},"type":"if","locations":[{"start":{"line":49,"column":4},"end":{"line":53,"column":5}},{"start":{},"end":{}}],"line":49},"1":{"loc":{"start":{"line":49,"column":8},"end":{"line":49,"column":28}},"type":"binary-expr","locations":[{"start":{"line":49,"column":8},"end":{"line":49,"column":17}},{"start":{"line":49,"column":21},"end":{"line":49,"column":28}}],"line":49},"2":{"loc":{"start":{"line":59,"column":4},"end":{"line":63,"column":5}},"type":"if","locations":[{"start":{"line":59,"column":4},"end":{"line":63,"column":5}},{"start":{},"end":{}}],"line":59},"3":{"loc":{"start":{"line":65,"column":4},"end":{"line":69,"column":5}},"type":"if","locations":[{"start":{"line":65,"column":4},"end":{"line":69,"column":5}},{"start":{},"end":{}}],"line":65},"4":{"loc":{"start":{"line":77,"column":19},"end":{"line":77,"column":45}},"type":"binary-expr","locations":[{"start":{"line":77,"column":19},"end":{"line":77,"column":32}},{"start":{"line":77,"column":36},"end":{"line":77,"column":45}}],"line":77},"5":{"loc":{"start":{"line":103,"column":4},"end":{"line":107,"column":5}},"type":"if","locations":[{"start":{"line":103,"column":4},"end":{"line":107,"column":5}},{"start":{},"end":{}}],"line":103},"6":{"loc":{"start":{"line":116,"column":4},"end":{"line":120,"column":5}},"type":"if","locations":[{"start":{"line":116,"column":4},"end":{"line":120,"column":5}},{"start":{},"end":{}}],"line":116}},"s":{"0":5,"1":5,"2":5,"3":5,"4":1,"5":1,"6":1,"7":1,"8":0,"9":5,"10":1,"11":1,"12":1,"13":1,"14":0,"15":5,"16":3,"17":3,"18":3,"19":3,"20":1,"21":2,"22":2,"23":2,"24":1,"25":1,"26":0,"27":1,"28":1,"29":1,"30":0,"31":5,"32":0,"33":0,"34":0,"35":0,"36":0,"37":0,"38":0,"39":0,"40":0,"41":0,"42":0,"43":0,"44":0},"f":{"0":1,"1":1,"2":3,"3":0},"b":{"0":[1,2],"1":[3,2],"2":[1,1],"3":[0,1],"4":[1,0],"5":[0,0],"6":[0,0]},"_coverageSchema":"1a1c01bbd47fc00a2c39e90264f33305004495a9","hash":"ee0067861559b0d030d9815f6993129eff1f1421"}
,"C:\\Users\\LENOVO 1\\Documents\\SIPERA\\backend\\controllers\\ternakController.js": {"path":"C:\\Users\\LENOVO 1\\Documents\\SIPERA\\backend\\controllers\\ternakController.js","statementMap":{"0":{"start":{"line":1,"column":15},"end":{"line":1,"column":42}},"1":{"start":{"line":2,"column":13},"end":{"line":2,"column":38}},"2":{"start":{"line":5,"column":0},"end":{"line":18,"column":2}},"3":{"start":{"line":6,"column":2},"end":{"line":17,"column":3}},"4":{"start":{"line":7,"column":17},"end":{"line":9,"column":6}},"5":{"start":{"line":11,"column":4},"end":{"line":11,"column":31}},"6":{"start":{"line":13,"column":4},"end":{"line":16,"column":7}},"7":{"start":{"line":21,"column":0},"end":{"line":67,"column":2}},"8":{"start":{"line":22,"column":2},"end":{"line":66,"column":3}},"9":{"start":{"line":23,"column":19},"end":{"line":23,"column":29}},"10":{"start":{"line":25,"column":17},"end":{"line":25,"column":42}},"11":{"start":{"line":27,"column":4},"end":{"line":31,"column":5}},"12":{"start":{"line":28,"column":6},"end":{"line":30,"column":9}},"13":{"start":{"line":33,"column":4},"end":{"line":40,"column":5}},"14":{"start":{"line":37,"column":6},"end":{"line":39,"column":9}},"15":{"start":{"line":42,"column":20},"end":{"line":55,"column":12}},"16":{"start":{"line":57,"column":4},"end":{"line":60,"column":7}},"17":{"start":{"line":62,"column":4},"end":{"line":65,"column":7}},"18":{"start":{"line":70,"column":0},"end":{"line":108,"column":2}},"19":{"start":{"line":71,"column":2},"end":{"line":107,"column":3}},"20":{"start":{"line":81,"column":8},"end":{"line":81,"column":16}},"21":{"start":{"line":83,"column":17},"end":{"line":83,"column":52}},"22":{"start":{"line":85,"column":17},"end":{"line":96,"column":6}},"23":{"start":{"line":98,"column":4},"end":{"line":101,"column":7}},"24":{"start":{"line":103,"column":4},"end":{"line":106,"column":7}},"25":{"start":{"line":111,"column":0},"end":{"line":167,"column":2}},"26":{"start":{"line":112,"column":2},"end":{"line":166,"column":3}},"27":{"start":{"line":113,"column":19},"end":{"line":113,"column":29}},"28":{"start":{"line":115,"column":17},"end":{"line":115,"column":42}},"29":{"start":{"line":117,"column":4},"end":{"line":121,"column":5}},"30":{"start":{"line":118,"column":6},"end":{"line":120,"column":9}},"31":{"start":{"line":123,"column":4},"end":{"line":130,"column":5}},"32":{"start":{"line":127,"column":6},"end":{"line":129,"column":9}},"33":{"start":{"line":141,"column":8},"end":{"line":141,"column":16}},"34":{"start":{"line":143,"column":17},"end":{"line":143,"column":57}},"35":{"start":{"line":145,"column":4},"end":{"line":155,"column":7}},"36":{"start":{"line":157,"column":4},"end":{"line":160,"column":7}},"37":{"start":{"line":162,"column":4},"end":{"line":165,"column":7}},"38":{"start":{"line":170,"column":0},"end":{"line":202,"column":2}},"39":{"start":{"line":171,"column":2},"end":{"line":201,"column":3}},"40":{"start":{"line":172,"column":19},"end":{"line":172,"column":29}},"41":{"start":{"line":174,"column":17},"end":{"line":174,"column":42}},"42":{"start":{"line":176,"column":4},"end":{"line":180,"column":5}},"43":{"start":{"line":177,"column":6},"end":{"line":179,"column":9}},"44":{"start":{"line":182,"column":4},"end":{"line":189,"column":5}},"45":{"start":{"line":186,"column":6},"end":{"line":188,"column":9}},"46":{"start":{"line":191,"column":4},"end":{"line":191,"column":25}},"47":{"start":{"line":193,"column":4},"end":{"line":195,"column":7}},"48":{"start":{"line":197,"column":4},"end":{"line":200,"column":7}}},"fnMap":{"0":{"name":"(anonymous_0)","decl":{"start":{"line":5,"column":17},"end":{"line":5,"column":18}},"loc":{"start":{"line":5,"column":37},"end":{"line":18,"column":1}},"line":5},"1":{"name":"(anonymous_1)","decl":{"start":{"line":21,"column":18},"end":{"line":21,"column":19}},"loc":{"start":{"line":21,"column":38},"end":{"line":67,"column":1}},"line":21},"2":{"name":"(anonymous_2)","decl":{"start":{"line":70,"column":17},"end":{"line":70,"column":18}},"loc":{"start":{"line":70,"column":37},"end":{"line":108,"column":1}},"line":70},"3":{"name":"(anonymous_3)","decl":{"start":{"line":111,"column":17},"end":{"line":111,"column":18}},"loc":{"start":{"line":111,"column":37},"end":{"line":167,"column":1}},"line":111},"4":{"name":"(anonymous_4)","decl":{"start":{"line":170,"column":17},"end":{"line":170,"column":18}},"loc":{"start":{"line":170,"column":37},"end":{"line":202,"column":1}},"line":170}},"branchMap":{"0":{"loc":{"start":{"line":27,"column":4},"end":{"line":31,"column":5}},"type":"if","locations":[{"start":{"line":27,"column":4},"end":{"line":31,"column":5}},{"start":{},"end":{}}],"line":27},"1":{"loc":{"start":{"line":33,"column":4},"end":{"line":40,"column":5}},"type":"if","locations":[{"start":{"line":33,"column":4},"end":{"line":40,"column":5}},{"start":{},"end":{}}],"line":33},"2":{"loc":{"start":{"line":34,"column":6},"end":{"line":35,"column":49}},"type":"binary-expr","locations":[{"start":{"line":34,"column":6},"end":{"line":34,"column":34}},{"start":{"line":35,"column":6},"end":{"line":35,"column":49}}],"line":34},"3":{"loc":{"start":{"line":42,"column":20},"end":{"line":55,"column":12}},"type":"cond-expr","locations":[{"start":{"line":43,"column":8},"end":{"line":54,"column":10}},{"start":{"line":55,"column":8},"end":{"line":55,"column":12}}],"line":42},"4":{"loc":{"start":{"line":83,"column":17},"end":{"line":83,"column":52}},"type":"cond-expr","locations":[{"start":{"line":83,"column":28},"end":{"line":83,"column":45}},{"start":{"line":83,"column":48},"end":{"line":83,"column":52}}],"line":83},"5":{"loc":{"start":{"line":94,"column":14},"end":{"line":94,"column":43}},"type":"cond-expr","locations":[{"start":{"line":94,"column":25},"end":{"line":94,"column":36}},{"start":{"line":94,"column":39},"end":{"line":94,"column":43}}],"line":94},"6":{"loc":{"start":{"line":117,"column":4},"end":{"line":121,"column":5}},"type":"if","locations":[{"start":{"line":117,"column":4},"end":{"line":121,"column":5}},{"start":{},"end":{}}],"line":117},"7":{"loc":{"start":{"line":123,"column":4},"end":{"line":130,"column":5}},"type":"if","locations":[{"start":{"line":123,"column":4},"end":{"line":130,"column":5}},{"start":{},"end":{}}],"line":123},"8":{"loc":{"start":{"line":124,"column":6},"end":{"line":125,"column":49}},"type":"binary-expr","locations":[{"start":{"line":124,"column":6},"end":{"line":124,"column":34}},{"start":{"line":125,"column":6},"end":{"line":125,"column":49}}],"line":124},"9":{"loc":{"start":{"line":143,"column":17},"end":{"line":143,"column":57}},"type":"cond-expr","locations":[{"start":{"line":143,"column":28},"end":{"line":143,"column":45}},{"start":{"line":143,"column":48},"end":{"line":143,"column":57}}],"line":143},"10":{"loc":{"start":{"line":176,"column":4},"end":{"line":180,"column":5}},"type":"if","locations":[{"start":{"line":176,"column":4},"end":{"line":180,"column":5}},{"start":{},"end":{}}],"line":176},"11":{"loc":{"start":{"line":182,"column":4},"end":{"line":189,"column":5}},"type":"if","locations":[{"start":{"line":182,"column":4},"end":{"line":189,"column":5}},{"start":{},"end":{}}],"line":182},"12":{"loc":{"start":{"line":183,"column":6},"end":{"line":184,"column":49}},"type":"binary-expr","locations":[{"start":{"line":183,"column":6},"end":{"line":183,"column":34}},{"start":{"line":184,"column":6},"end":{"line":184,"column":49}}],"line":183}},"s":{"0":5,"1":5,"2":5,"3":1,"4":1,"5":1,"6":0,"7":5,"8":1,"9":1,"10":1,"11":1,"12":1,"13":0,"14":0,"15":0,"16":0,"17":0,"18":5,"19":2,"20":2,"21":2,"22":2,"23":2,"24":0,"25":5,"26":1,"27":1,"28":1,"29":1,"30":1,"31":0,"32":0,"33":0,"34":0,"35":0,"36":0,"37":0,"38":5,"39":1,"40":1,"41":1,"42":1,"43":1,"44":0,"45":0,"46":0,"47":0,"48":0},"f":{"0":1,"1":1,"2":2,"3":1,"4":1},"b":{"0":[1,0],"1":[0,0],"2":[0,0],"3":[0,0],"4":[0,2],"5":[2,0],"6":[1,0],"7":[0,0],"8":[0,0],"9":[0,0],"10":[1,0],"11":[0,0],"12":[0,0]},"_coverageSchema":"1a1c01bbd47fc00a2c39e90264f33305004495a9","hash":"241695508d92b191811cd566677fbab54b69046d"}
,"C:\\Users\\LENOVO 1\\Documents\\SIPERA\\backend\\middleware\\authMiddleware.js": {"path":"C:\\Users\\LENOVO 1\\Documents\\SIPERA\\backend\\middleware\\authMiddleware.js","statementMap":{"0":{"start":{"line":1,"column":12},"end":{"line":1,"column":35}},"1":{"start":{"line":3,"column":0},"end":{"line":31,"column":2}},"2":{"start":{"line":4,"column":2},"end":{"line":30,"column":3}},"3":{"start":{"line":5,"column":23},"end":{"line":5,"column":48}},"4":{"start":{"line":7,"column":4},"end":{"line":11,"column":5}},"5":{"start":{"line":8,"column":6},"end":{"line":10,"column":9}},"6":{"start":{"line":13,"column":18},"end":{"line":13,"column":42}},"7":{"start":{"line":15,"column":4},"end":{"line":19,"column":5}},"8":{"start":{"line":16,"column":6},"end":{"line":18,"column":9}},"9":{"start":{"line":21,"column":20},"end":{"line":21,"column":61}},"10":{"start":{"line":23,"column":4},"end":{"line":23,"column":23}},"11":{"start":{"line":24,"column":4},"end":{"line":24,"column":11}},"12":{"start":{"line":26,"column":4},"end":{"line":29,"column":7}},"13":{"start":{"line":33,"column":0},"end":{"line":43,"column":2}},"14":{"start":{"line":34,"column":2},"end":{"line":42,"column":4}},"15":{"start":{"line":35,"column":4},"end":{"line":39,"column":5}},"16":{"start":{"line":36,"column":6},"end":{"line":38,"column":9}},"17":{"start":{"line":41,"column":4},"end":{"line":41,"column":11}}},"fnMap":{"0":{"name":"(anonymous_0)","decl":{"start":{"line":3,"column":22},"end":{"line":3,"column":23}},"loc":{"start":{"line":3,"column":42},"end":{"line":31,"column":1}},"line":3},"1":{"name":"(anonymous_1)","decl":{"start":{"line":33,"column":21},"end":{"line":33,"column":22}},"loc":{"start":{"line":33,"column":35},"end":{"line":43,"column":1}},"line":33},"2":{"name":"(anonymous_2)","decl":{"start":{"line":34,"column":9},"end":{"line":34,"column":10}},"loc":{"start":{"line":34,"column":29},"end":{"line":42,"column":3}},"line":34}},"branchMap":{"0":{"loc":{"start":{"line":7,"column":4},"end":{"line":11,"column":5}},"type":"if","locations":[{"start":{"line":7,"column":4},"end":{"line":11,"column":5}},{"start":{},"end":{}}],"line":7},"1":{"loc":{"start":{"line":15,"column":4},"end":{"line":19,"column":5}},"type":"if","locations":[{"start":{"line":15,"column":4},"end":{"line":19,"column":5}},{"start":{},"end":{}}],"line":15},"2":{"loc":{"start":{"line":35,"column":4},"end":{"line":39,"column":5}},"type":"if","locations":[{"start":{"line":35,"column":4},"end":{"line":39,"column":5}},{"start":{},"end":{}}],"line":35},"3":{"loc":{"start":{"line":35,"column":8},"end":{"line":35,"column":51}},"type":"binary-expr","locations":[{"start":{"line":35,"column":8},"end":{"line":35,"column":17}},{"start":{"line":35,"column":21},"end":{"line":35,"column":51}}],"line":35}},"s":{"0":5,"1":5,"2":21,"3":21,"4":21,"5":4,"6":17,"7":17,"8":0,"9":17,"10":17,"11":17,"12":0,"13":5,"14":90,"15":17,"16":0,"17":17},"f":{"0":21,"1":90,"2":17},"b":{"0":[4,17],"1":[0,17],"2":[0,17],"3":[17,17]},"_coverageSchema":"1a1c01bbd47fc00a2c39e90264f33305004495a9","hash":"102dba520540753cd27f243076eb4210185964a8"}
,"C:\\Users\\LENOVO 1\\Documents\\SIPERA\\backend\\models\\Chat.js": {"path":"C:\\Users\\LENOVO 1\\Documents\\SIPERA\\backend\\models\\Chat.js","statementMap":{"0":{"start":{"line":1,"column":22},"end":{"line":1,"column":42}},"1":{"start":{"line":2,"column":11},"end":{"line":2,"column":40}},"2":{"start":{"line":4,"column":13},"end":{"line":24,"column":2}},"3":{"start":{"line":26,"column":0},"end":{"line":26,"column":22}}},"fnMap":{},"branchMap":{},"s":{"0":5,"1":5,"2":5,"3":5},"f":{},"b":{},"_coverageSchema":"1a1c01bbd47fc00a2c39e90264f33305004495a9","hash":"0a4c2ad2bb248e61f370d75427113950c4531df0"}
,"C:\\Users\\LENOVO 1\\Documents\\SIPERA\\backend\\models\\Laporan.js": {"path":"C:\\Users\\LENOVO 1\\Documents\\SIPERA\\backend\\models\\Laporan.js","statementMap":{"0":{"start":{"line":1,"column":22},"end":{"line":1,"column":42}},"1":{"start":{"line":2,"column":18},"end":{"line":2,"column":47}},"2":{"start":{"line":3,"column":13},"end":{"line":3,"column":30}},"3":{"start":{"line":5,"column":16},"end":{"line":30,"column":2}},"4":{"start":{"line":33,"column":0},"end":{"line":35,"column":3}},"5":{"start":{"line":37,"column":0},"end":{"line":39,"column":3}},"6":{"start":{"line":41,"column":0},"end":{"line":41,"column":25}}},"fnMap":{},"branchMap":{},"s":{"0":5,"1":5,"2":5,"3":5,"4":5,"5":5,"6":5},"f":{},"b":{},"_coverageSchema":"1a1c01bbd47fc00a2c39e90264f33305004495a9","hash":"8331a23b96c3e43f4dc20cb3ee00fa7585b6683a"}
,"C:\\Users\\LENOVO 1\\Documents\\SIPERA\\backend\\models\\Pesanan.js": {"path":"C:\\Users\\LENOVO 1\\Documents\\SIPERA\\backend\\models\\Pesanan.js","statementMap":{"0":{"start":{"line":1,"column":22},"end":{"line":1,"column":42}},"1":{"start":{"line":2,"column":11},"end":{"line":2,"column":40}},"2":{"start":{"line":4,"column":16},"end":{"line":45,"column":2}},"3":{"start":{"line":47,"column":0},"end":{"line":47,"column":25}}},"fnMap":{},"branchMap":{},"s":{"0":5,"1":5,"2":5,"3":5},"f":{},"b":{},"_coverageSchema":"1a1c01bbd47fc00a2c39e90264f33305004495a9","hash":"419ca773190acec8ba761a289a2b87cf1e7d562c"}
,"C:\\Users\\LENOVO 1\\Documents\\SIPERA\\backend\\models\\Ternak.js": {"path":"C:\\Users\\LENOVO 1\\Documents\\SIPERA\\backend\\models\\Ternak.js","statementMap":{"0":{"start":{"line":1,"column":22},"end":{"line":1,"column":42}},"1":{"start":{"line":2,"column":11},"end":{"line":2,"column":40}},"2":{"start":{"line":4,"column":15},"end":{"line":49,"column":2}},"3":{"start":{"line":51,"column":0},"end":{"line":51,"column":24}}},"fnMap":{},"branchMap":{},"s":{"0":5,"1":5,"2":5,"3":5},"f":{},"b":{},"_coverageSchema":"1a1c01bbd47fc00a2c39e90264f33305004495a9","hash":"a1d7e4ef2309862e25889e8584943b9b73959716"}
,"C:\\Users\\LENOVO 1\\Documents\\SIPERA\\backend\\models\\user.js": {"path":"C:\\Users\\LENOVO 1\\Documents\\SIPERA\\backend\\models\\user.js","statementMap":{"0":{"start":{"line":1,"column":22},"end":{"line":1,"column":42}},"1":{"start":{"line":2,"column":11},"end":{"line":2,"column":40}},"2":{"start":{"line":4,"column":13},"end":{"line":56,"column":2}},"3":{"start":{"line":58,"column":0},"end":{"line":58,"column":22}}},"fnMap":{},"branchMap":{},"s":{"0":6,"1":6,"2":6,"3":6},"f":{},"b":{},"_coverageSchema":"1a1c01bbd47fc00a2c39e90264f33305004495a9","hash":"70cc69018f6ee729feda38f3dc5f996a89962a22"}
,"C:\\Users\\LENOVO 1\\Documents\\SIPERA\\backend\\routes\\adminRoutes.js": {"path":"C:\\Users\\LENOVO 1\\Documents\\SIPERA\\backend\\routes\\adminRoutes.js","statementMap":{"0":{"start":{"line":1,"column":16},"end":{"line":1,"column":34}},"1":{"start":{"line":2,"column":15},"end":{"line":2,"column":31}},"2":{"start":{"line":9,"column":4},"end":{"line":9,"column":45}},"3":{"start":{"line":11,"column":36},"end":{"line":11,"column":75}},"4":{"start":{"line":13,"column":0},"end":{"line":13,"column":68}},"5":{"start":{"line":14,"column":0},"end":{"line":14,"column":70}},"6":{"start":{"line":16,"column":0},"end":{"line":21,"column":2}},"7":{"start":{"line":23,"column":0},"end":{"line":23,"column":74}},"8":{"start":{"line":25,"column":0},"end":{"line":25,"column":24}}},"fnMap":{},"branchMap":{},"s":{"0":5,"1":5,"2":5,"3":5,"4":5,"5":5,"6":5,"7":5,"8":5},"f":{},"b":{},"_coverageSchema":"1a1c01bbd47fc00a2c39e90264f33305004495a9","hash":"672d80064cef2ccdcc89d3d57259e2b6f43e4775"}
,"C:\\Users\\LENOVO 1\\Documents\\SIPERA\\backend\\routes\\authRoutes.js": {"path":"C:\\Users\\LENOVO 1\\Documents\\SIPERA\\backend\\routes\\authRoutes.js","statementMap":{"0":{"start":{"line":1,"column":16},"end":{"line":1,"column":34}},"1":{"start":{"line":2,"column":35},"end":{"line":2,"column":63}},"2":{"start":{"line":4,"column":15},"end":{"line":4,"column":31}},"3":{"start":{"line":5,"column":23},"end":{"line":5,"column":63}},"4":{"start":{"line":7,"column":36},"end":{"line":7,"column":75}},"5":{"start":{"line":9,"column":24},"end":{"line":20,"column":1}},"6":{"start":{"line":10,"column":17},"end":{"line":10,"column":38}},"7":{"start":{"line":12,"column":2},"end":{"line":17,"column":3}},"8":{"start":{"line":13,"column":4},"end":{"line":16,"column":7}},"9":{"start":{"line":19,"column":2},"end":{"line":19,"column":9}},"10":{"start":{"line":22,"column":0},"end":{"line":36,"column":2}},"11":{"start":{"line":38,"column":0},"end":{"line":46,"column":2}},"12":{"start":{"line":49,"column":0},"end":{"line":54,"column":2}},"13":{"start":{"line":57,"column":0},"end":{"line":71,"column":2}},"14":{"start":{"line":73,"column":0},"end":{"line":73,"column":24}}},"fnMap":{"0":{"name":"(anonymous_0)","decl":{"start":{"line":9,"column":24},"end":{"line":9,"column":25}},"loc":{"start":{"line":9,"column":44},"end":{"line":20,"column":1}},"line":9}},"branchMap":{"0":{"loc":{"start":{"line":12,"column":2},"end":{"line":17,"column":3}},"type":"if","locations":[{"start":{"line":12,"column":2},"end":{"line":17,"column":3}},{"start":{},"end":{}}],"line":12}},"s":{"0":5,"1":5,"2":5,"3":5,"4":5,"5":5,"6":19,"7":19,"8":3,"9":16,"10":5,"11":5,"12":5,"13":5,"14":5},"f":{"0":19},"b":{"0":[3,16]},"_coverageSchema":"1a1c01bbd47fc00a2c39e90264f33305004495a9","hash":"bc110c580265e562a847d484001d4f39f4f2d86b"}
,"C:\\Users\\LENOVO 1\\Documents\\SIPERA\\backend\\routes\\chatRoutes.js": {"path":"C:\\Users\\LENOVO 1\\Documents\\SIPERA\\backend\\routes\\chatRoutes.js","statementMap":{"0":{"start":{"line":1,"column":16},"end":{"line":1,"column":34}},"1":{"start":{"line":2,"column":15},"end":{"line":2,"column":31}},"2":{"start":{"line":9,"column":4},"end":{"line":9,"column":44}},"3":{"start":{"line":11,"column":36},"end":{"line":11,"column":75}},"4":{"start":{"line":13,"column":0},"end":{"line":18,"column":2}},"5":{"start":{"line":20,"column":0},"end":{"line":25,"column":2}},"6":{"start":{"line":27,"column":0},"end":{"line":32,"column":2}},"7":{"start":{"line":34,"column":0},"end":{"line":39,"column":2}},"8":{"start":{"line":41,"column":0},"end":{"line":41,"column":24}}},"fnMap":{},"branchMap":{},"s":{"0":5,"1":5,"2":5,"3":5,"4":5,"5":5,"6":5,"7":5,"8":5},"f":{},"b":{},"_coverageSchema":"1a1c01bbd47fc00a2c39e90264f33305004495a9","hash":"14538888325bdaed86134eee3d1464ddc9d3ff7f"}
,"C:\\Users\\LENOVO 1\\Documents\\SIPERA\\backend\\routes\\laporanRoutes.js": {"path":"C:\\Users\\LENOVO 1\\Documents\\SIPERA\\backend\\routes\\laporanRoutes.js","statementMap":{"0":{"start":{"line":1,"column":16},"end":{"line":1,"column":34}},"1":{"start":{"line":2,"column":15},"end":{"line":2,"column":31}},"2":{"start":{"line":9,"column":4},"end":{"line":9,"column":47}},"3":{"start":{"line":12,"column":0},"end":{"line":12,"column":32}},"4":{"start":{"line":15,"column":0},"end":{"line":15,"column":31}},"5":{"start":{"line":18,"column":0},"end":{"line":18,"column":44}},"6":{"start":{"line":21,"column":0},"end":{"line":21,"column":41}},"7":{"start":{"line":23,"column":0},"end":{"line":23,"column":24}}},"fnMap":{},"branchMap":{},"s":{"0":5,"1":5,"2":5,"3":5,"4":5,"5":5,"6":5,"7":5},"f":{},"b":{},"_coverageSchema":"1a1c01bbd47fc00a2c39e90264f33305004495a9","hash":"bfd9174da0ce3c67676600fbfbd0c2080900b162"}
,"C:\\Users\\LENOVO 1\\Documents\\SIPERA\\backend\\routes\\pesananRoutes.js": {"path":"C:\\Users\\LENOVO 1\\Documents\\SIPERA\\backend\\routes\\pesananRoutes.js","statementMap":{"0":{"start":{"line":1,"column":16},"end":{"line":1,"column":34}},"1":{"start":{"line":2,"column":15},"end":{"line":2,"column":31}},"2":{"start":{"line":9,"column":4},"end":{"line":9,"column":47}},"3":{"start":{"line":11,"column":36},"end":{"line":11,"column":75}},"4":{"start":{"line":14,"column":0},"end":{"line":19,"column":2}},"5":{"start":{"line":22,"column":0},"end":{"line":27,"column":2}},"6":{"start":{"line":30,"column":0},"end":{"line":35,"column":2}},"7":{"start":{"line":38,"column":0},"end":{"line":43,"column":2}},"8":{"start":{"line":45,"column":0},"end":{"line":45,"column":24}}},"fnMap":{},"branchMap":{},"s":{"0":5,"1":5,"2":5,"3":5,"4":5,"5":5,"6":5,"7":5,"8":5},"f":{},"b":{},"_coverageSchema":"1a1c01bbd47fc00a2c39e90264f33305004495a9","hash":"b044ccee2c2b378484b3ec66cad9bb6bfa3e7179"}
,"C:\\Users\\LENOVO 1\\Documents\\SIPERA\\backend\\routes\\ternakRoutes.js": {"path":"C:\\Users\\LENOVO 1\\Documents\\SIPERA\\backend\\routes\\ternakRoutes.js","statementMap":{"0":{"start":{"line":1,"column":16},"end":{"line":1,"column":34}},"1":{"start":{"line":2,"column":15},"end":{"line":2,"column":32}},"2":{"start":{"line":3,"column":13},"end":{"line":3,"column":28}},"3":{"start":{"line":4,"column":35},"end":{"line":4,"column":63}},"4":{"start":{"line":6,"column":15},"end":{"line":6,"column":31}},"5":{"start":{"line":7,"column":19},"end":{"line":7,"column":61}},"6":{"start":{"line":9,"column":36},"end":{"line":9,"column":75}},"7":{"start":{"line":11,"column":24},"end":{"line":22,"column":1}},"8":{"start":{"line":12,"column":17},"end":{"line":12,"column":38}},"9":{"start":{"line":14,"column":2},"end":{"line":19,"column":3}},"10":{"start":{"line":15,"column":4},"end":{"line":18,"column":7}},"11":{"start":{"line":21,"column":2},"end":{"line":21,"column":9}},"12":{"start":{"line":24,"column":16},"end":{"line":38,"column":2}},"13":{"start":{"line":26,"column":4},"end":{"line":26,"column":25}},"14":{"start":{"line":31,"column":6},"end":{"line":34,"column":37}},"15":{"start":{"line":36,"column":4},"end":{"line":36,"column":25}},"16":{"start":{"line":40,"column":15},"end":{"line":40,"column":34}},"17":{"start":{"line":42,"column":25},"end":{"line":51,"column":1}},"18":{"start":{"line":54,"column":0},"end":{"line":54,"column":35}},"19":{"start":{"line":57,"column":0},"end":{"line":62,"column":2}},"20":{"start":{"line":65,"column":0},"end":{"line":73,"column":2}},"21":{"start":{"line":76,"column":0},"end":{"line":84,"column":2}},"22":{"start":{"line":87,"column":0},"end":{"line":92,"column":2}},"23":{"start":{"line":94,"column":0},"end":{"line":94,"column":24}}},"fnMap":{"0":{"name":"(anonymous_0)","decl":{"start":{"line":11,"column":24},"end":{"line":11,"column":25}},"loc":{"start":{"line":11,"column":44},"end":{"line":22,"column":1}},"line":11},"1":{"name":"(anonymous_1)","decl":{"start":{"line":25,"column":15},"end":{"line":25,"column":16}},"loc":{"start":{"line":25,"column":40},"end":{"line":27,"column":3}},"line":25},"2":{"name":"(anonymous_2)","decl":{"start":{"line":29,"column":12},"end":{"line":29,"column":13}},"loc":{"start":{"line":29,"column":37},"end":{"line":37,"column":3}},"line":29}},"branchMap":{"0":{"loc":{"start":{"line":14,"column":2},"end":{"line":19,"column":3}},"type":"if","locations":[{"start":{"line":14,"column":2},"end":{"line":19,"column":3}},{"start":{},"end":{}}],"line":14}},"s":{"0":5,"1":5,"2":5,"3":5,"4":5,"5":5,"6":5,"7":5,"8":3,"9":3,"10":0,"11":3,"12":5,"13":0,"14":0,"15":0,"16":5,"17":5,"18":5,"19":5,"20":5,"21":5,"22":5,"23":5},"f":{"0":3,"1":0,"2":0},"b":{"0":[0,3]},"_coverageSchema":"1a1c01bbd47fc00a2c39e90264f33305004495a9","hash":"e00afc67dceca1fba4af591a946a8b4b96875e68"}
}
