TN:
SF:app.js
FNF:0
FNH:0
DA:1,5
DA:2,5
DA:3,5
DA:4,5
DA:5,5
DA:8,5
DA:9,5
DA:10,5
DA:11,5
DA:13,5
DA:14,5
DA:15,5
DA:16,5
DA:17,5
DA:18,5
DA:20,5
DA:21,5
DA:27,5
DA:37,5
DA:38,5
DA:41,5
DA:43,5
DA:44,5
DA:45,5
DA:46,5
DA:47,5
DA:48,5
DA:50,5
LF:28
LH:28
BRF:0
BRH:0
end_of_record
TN:
SF:config\database.js
FNF:0
FNH:0
DA:1,6
DA:3,6
DA:5,6
DA:17,6
LF:4
LH:4
BRDA:11,0,0,6
BRDA:11,0,1,0
BRDA:12,1,0,6
BRDA:12,1,1,0
BRF:4
BRH:2
end_of_record
TN:
SF:controllers\adminController.js
FN:6,(anonymous_0)
FN:33,(anonymous_1)
FN:49,(anonymous_2)
FN:84,(anonymous_3)
FNF:4
FNH:0
FNDA:0,(anonymous_0)
FNDA:0,(anonymous_1)
FNDA:0,(anonymous_2)
FNDA:0,(anonymous_3)
DA:1,5
DA:2,5
DA:6,5
DA:7,0
DA:8,0
DA:23,0
DA:25,0
DA:33,5
DA:34,0
DA:35,0
DA:39,0
DA:41,0
DA:49,5
DA:50,0
DA:51,0
DA:52,0
DA:54,0
DA:55,0
DA:60,0
DA:62,0
DA:63,0
DA:68,0
DA:69,0
DA:71,0
DA:76,0
DA:84,5
DA:85,0
DA:86,0
DA:88,0
DA:90,0
DA:91,0
DA:97,0
DA:98,0
DA:103,0
DA:105,0
DA:109,0
DA:116,5
LF:37
LH:7
BRDA:54,0,0,0
BRDA:54,0,1,0
BRDA:62,1,0,0
BRDA:62,1,1,0
BRDA:90,2,0,0
BRDA:90,2,1,0
BRDA:97,3,0,0
BRDA:97,3,1,0
BRF:8
BRH:0
end_of_record
TN:
SF:controllers\authController.js
FN:5,(anonymous_0)
FN:20,(anonymous_1)
FN:70,(anonymous_2)
FN:124,(anonymous_3)
FN:147,(anonymous_4)
FNF:5
FNH:5
FNDA:14,(anonymous_0)
FNDA:7,(anonymous_1)
FNDA:8,(anonymous_2)
FNDA:1,(anonymous_3)
FNDA:1,(anonymous_4)
DA:1,5
DA:2,5
DA:3,5
DA:5,5
DA:6,14
DA:20,5
DA:21,7
DA:32,7
DA:34,7
DA:38,7
DA:39,1
DA:44,6
DA:46,6
DA:58,6
DA:63,0
DA:70,5
DA:71,8
DA:72,8
DA:74,8
DA:78,8
DA:79,1
DA:84,7
DA:86,7
DA:87,1
DA:92,6
DA:93,0
DA:98,6
DA:110,6
DA:116,0
DA:124,5
DA:125,1
DA:126,1
DA:128,1
DA:129,0
DA:134,1
DA:139,0
DA:147,5
DA:148,1
DA:149,1
DA:151,1
DA:152,0
DA:164,1
DA:166,1
DA:176,1
DA:181,0
LF:45
LH:38
BRDA:38,0,0,1
BRDA:38,0,1,6
BRDA:78,1,0,1
BRDA:78,1,1,7
BRDA:86,2,0,1
BRDA:86,2,1,6
BRDA:92,3,0,0
BRDA:92,3,1,6
BRDA:128,4,0,0
BRDA:128,4,1,1
BRDA:151,5,0,0
BRDA:151,5,1,1
BRDA:167,6,0,1
BRDA:167,6,1,0
BRDA:168,7,0,1
BRDA:168,7,1,0
BRDA:169,8,0,1
BRDA:169,8,1,0
BRDA:170,9,0,1
BRDA:170,9,1,1
BRDA:171,10,0,1
BRDA:171,10,1,1
BRDA:173,11,0,1
BRDA:173,11,1,1
BRF:24
BRH:18
end_of_record
TN:
SF:controllers\chatController.js
FN:6,(anonymous_0)
FN:19,(anonymous_1)
FN:43,(anonymous_2)
FN:56,(anonymous_3)
FN:68,(anonymous_4)
FN:100,(anonymous_5)
FN:131,(anonymous_6)
FNF:7
FNH:6
FNDA:1,(anonymous_0)
FNDA:1,(anonymous_1)
FNDA:1,(anonymous_2)
FNDA:0,(anonymous_3)
FNDA:1,(anonymous_4)
FNDA:1,(anonymous_5)
FNDA:1,(anonymous_6)
DA:1,5
DA:2,5
DA:3,5
DA:6,5
DA:7,1
DA:8,1
DA:10,1
DA:17,1
DA:19,1
DA:21,1
DA:25,1
DA:26,1
DA:30,1
DA:32,1
DA:33,0
DA:36,1
DA:43,1
DA:44,1
DA:46,1
DA:56,1
DA:58,1
DA:60,0
DA:68,5
DA:69,1
DA:70,1
DA:72,1
DA:73,0
DA:78,1
DA:90,1
DA:92,0
DA:100,5
DA:101,1
DA:102,1
DA:103,1
DA:105,1
DA:121,1
DA:123,0
DA:131,5
DA:132,1
DA:133,1
DA:134,1
DA:136,1
DA:137,0
DA:142,1
DA:144,1
DA:145,0
DA:150,1
DA:156,1
DA:161,0
LF:49
LH:41
BRDA:21,0,0,1
BRDA:21,0,1,0
BRDA:25,1,0,1
BRDA:25,1,1,0
BRDA:32,2,0,0
BRDA:32,2,1,1
BRDA:51,3,0,1
BRDA:51,3,1,0
BRDA:52,4,0,1
BRDA:52,4,1,0
BRDA:72,5,0,0
BRDA:72,5,1,1
BRDA:72,6,0,1
BRDA:72,6,1,1
BRDA:136,7,0,0
BRDA:136,7,1,1
BRDA:136,8,0,1
BRDA:136,8,1,1
BRDA:136,8,2,1
BRDA:144,9,0,0
BRDA:144,9,1,1
BRF:21
BRH:13
end_of_record
TN:
SF:controllers\laporanController.js
FN:5,(anonymous_0)
FN:25,(anonymous_1)
FN:49,(anonymous_2)
FN:72,(anonymous_3)
FNF:4
FNH:4
FNDA:1,(anonymous_0)
FNDA:1,(anonymous_1)
FNDA:1,(anonymous_2)
FNDA:1,(anonymous_3)
DA:1,5
DA:2,5
DA:5,5
DA:6,1
DA:7,1
DA:14,1
DA:16,0
DA:18,0
DA:25,5
DA:26,1
DA:27,1
DA:37,1
DA:39,0
DA:41,0
DA:49,5
DA:50,1
DA:51,1
DA:53,1
DA:60,1
DA:62,0
DA:64,0
DA:72,5
DA:73,1
DA:74,1
DA:75,1
DA:77,1
DA:79,1
DA:80,1
DA:85,0
DA:86,0
DA:88,0
DA:90,0
DA:95,0
DA:97,0
LF:34
LH:22
BRDA:79,0,0,1
BRDA:79,0,1,0
BRDA:86,1,0,0
BRDA:86,1,1,0
BRF:4
BRH:1
end_of_record
TN:
SF:controllers\pesananController.js
FN:6,(anonymous_0)
FN:25,(anonymous_1)
FN:44,(anonymous_2)
FN:97,(anonymous_3)
FNF:4
FNH:3
FNDA:1,(anonymous_0)
FNDA:1,(anonymous_1)
FNDA:3,(anonymous_2)
FNDA:0,(anonymous_3)
DA:1,5
DA:2,5
DA:3,5
DA:6,5
DA:7,1
DA:8,1
DA:10,1
DA:15,1
DA:17,0
DA:25,5
DA:26,1
DA:27,1
DA:29,1
DA:34,1
DA:36,0
DA:44,5
DA:45,3
DA:46,3
DA:47,3
DA:49,3
DA:50,1
DA:55,2
DA:57,2
DA:59,2
DA:60,1
DA:65,1
DA:66,0
DA:71,1
DA:73,1
DA:84,1
DA:89,0
DA:97,5
DA:98,0
DA:99,0
DA:100,0
DA:101,0
DA:103,0
DA:104,0
DA:109,0
DA:116,0
DA:117,0
DA:122,0
DA:123,0
DA:125,0
DA:130,0
LF:45
LH:28
BRDA:49,0,0,1
BRDA:49,0,1,2
BRDA:49,1,0,3
BRDA:49,1,1,2
BRDA:59,2,0,1
BRDA:59,2,1,1
BRDA:65,3,0,0
BRDA:65,3,1,1
BRDA:77,4,0,1
BRDA:77,4,1,0
BRDA:103,5,0,0
BRDA:103,5,1,0
BRDA:116,6,0,0
BRDA:116,6,1,0
BRF:14
BRH:8
end_of_record
TN:
SF:controllers\ternakController.js
FN:5,(anonymous_0)
FN:21,(anonymous_1)
FN:70,(anonymous_2)
FN:111,(anonymous_3)
FN:170,(anonymous_4)
FNF:5
FNH:5
FNDA:1,(anonymous_0)
FNDA:1,(anonymous_1)
FNDA:2,(anonymous_2)
FNDA:1,(anonymous_3)
FNDA:1,(anonymous_4)
DA:1,5
DA:2,5
DA:5,5
DA:6,1
DA:7,1
DA:11,1
DA:13,0
DA:21,5
DA:22,1
DA:23,1
DA:25,1
DA:27,1
DA:28,1
DA:33,0
DA:37,0
DA:42,0
DA:57,0
DA:62,0
DA:70,5
DA:71,2
DA:81,2
DA:83,2
DA:85,2
DA:98,2
DA:103,0
DA:111,5
DA:112,1
DA:113,1
DA:115,1
DA:117,1
DA:118,1
DA:123,0
DA:127,0
DA:141,0
DA:143,0
DA:145,0
DA:157,0
DA:162,0
DA:170,5
DA:171,1
DA:172,1
DA:174,1
DA:176,1
DA:177,1
DA:182,0
DA:186,0
DA:191,0
DA:193,0
DA:197,0
LF:49
LH:30
BRDA:27,0,0,1
BRDA:27,0,1,0
BRDA:33,1,0,0
BRDA:33,1,1,0
BRDA:34,2,0,0
BRDA:34,2,1,0
BRDA:42,3,0,0
BRDA:42,3,1,0
BRDA:83,4,0,0
BRDA:83,4,1,2
BRDA:94,5,0,2
BRDA:94,5,1,0
BRDA:117,6,0,1
BRDA:117,6,1,0
BRDA:123,7,0,0
BRDA:123,7,1,0
BRDA:124,8,0,0
BRDA:124,8,1,0
BRDA:143,9,0,0
BRDA:143,9,1,0
BRDA:176,10,0,1
BRDA:176,10,1,0
BRDA:182,11,0,0
BRDA:182,11,1,0
BRDA:183,12,0,0
BRDA:183,12,1,0
BRF:26
BRH:5
end_of_record
TN:
SF:middleware\authMiddleware.js
FN:3,(anonymous_0)
FN:33,(anonymous_1)
FN:34,(anonymous_2)
FNF:3
FNH:3
FNDA:21,(anonymous_0)
FNDA:90,(anonymous_1)
FNDA:17,(anonymous_2)
DA:1,5
DA:3,5
DA:4,21
DA:5,21
DA:7,21
DA:8,4
DA:13,17
DA:15,17
DA:16,0
DA:21,17
DA:23,17
DA:24,17
DA:26,0
DA:33,5
DA:34,90
DA:35,17
DA:36,0
DA:41,17
LF:18
LH:15
BRDA:7,0,0,4
BRDA:7,0,1,17
BRDA:15,1,0,0
BRDA:15,1,1,17
BRDA:35,2,0,0
BRDA:35,2,1,17
BRDA:35,3,0,17
BRDA:35,3,1,17
BRF:8
BRH:6
end_of_record
TN:
SF:models\Chat.js
FNF:0
FNH:0
DA:1,5
DA:2,5
DA:4,5
DA:26,5
LF:4
LH:4
BRF:0
BRH:0
end_of_record
TN:
SF:models\Laporan.js
FNF:0
FNH:0
DA:1,5
DA:2,5
DA:3,5
DA:5,5
DA:33,5
DA:37,5
DA:41,5
LF:7
LH:7
BRF:0
BRH:0
end_of_record
TN:
SF:models\Pesanan.js
FNF:0
FNH:0
DA:1,5
DA:2,5
DA:4,5
DA:47,5
LF:4
LH:4
BRF:0
BRH:0
end_of_record
TN:
SF:models\Ternak.js
FNF:0
FNH:0
DA:1,5
DA:2,5
DA:4,5
DA:51,5
LF:4
LH:4
BRF:0
BRH:0
end_of_record
TN:
SF:models\user.js
FNF:0
FNH:0
DA:1,6
DA:2,6
DA:4,6
DA:58,6
LF:4
LH:4
BRF:0
BRH:0
end_of_record
TN:
SF:routes\adminRoutes.js
FNF:0
FNH:0
DA:1,5
DA:2,5
DA:9,5
DA:11,5
DA:13,5
DA:14,5
DA:16,5
DA:23,5
DA:25,5
LF:9
LH:9
BRF:0
BRH:0
end_of_record
TN:
SF:routes\authRoutes.js
FN:9,(anonymous_0)
FNF:1
FNH:1
FNDA:19,(anonymous_0)
DA:1,5
DA:2,5
DA:4,5
DA:5,5
DA:7,5
DA:9,5
DA:10,19
DA:12,19
DA:13,3
DA:19,16
DA:22,5
DA:38,5
DA:49,5
DA:57,5
DA:73,5
LF:15
LH:15
BRDA:12,0,0,3
BRDA:12,0,1,16
BRF:2
BRH:2
end_of_record
TN:
SF:routes\chatRoutes.js
FNF:0
FNH:0
DA:1,5
DA:2,5
DA:9,5
DA:11,5
DA:13,5
DA:20,5
DA:27,5
DA:34,5
DA:41,5
LF:9
LH:9
BRF:0
BRH:0
end_of_record
TN:
SF:routes\laporanRoutes.js
FNF:0
FNH:0
DA:1,5
DA:2,5
DA:9,5
DA:12,5
DA:15,5
DA:18,5
DA:21,5
DA:23,5
LF:8
LH:8
BRF:0
BRH:0
end_of_record
TN:
SF:routes\pesananRoutes.js
FNF:0
FNH:0
DA:1,5
DA:2,5
DA:9,5
DA:11,5
DA:14,5
DA:22,5
DA:30,5
DA:38,5
DA:45,5
LF:9
LH:9
BRF:0
BRH:0
end_of_record
TN:
SF:routes\ternakRoutes.js
FN:11,(anonymous_0)
FN:25,(anonymous_1)
FN:29,(anonymous_2)
FNF:3
FNH:1
FNDA:3,(anonymous_0)
FNDA:0,(anonymous_1)
FNDA:0,(anonymous_2)
DA:1,5
DA:2,5
DA:3,5
DA:4,5
DA:6,5
DA:7,5
DA:9,5
DA:11,5
DA:12,3
DA:14,3
DA:15,0
DA:21,3
DA:24,5
DA:26,0
DA:31,0
DA:36,0
DA:40,5
DA:42,5
DA:54,5
DA:57,5
DA:65,5
DA:76,5
DA:87,5
DA:94,5
LF:24
LH:20
BRDA:14,0,0,0
BRDA:14,0,1,3
BRF:2
BRH:1
end_of_record
